<?xml version="1.0" encoding="UTF-8"?>
<testsuite xmlns:xsi="http://www.w3.org/2001/XMLSchema-instance" xsi:noNamespaceSchemaLocation="https://maven.apache.org/surefire/maven-failsafe-plugin/xsd/failsafe-test-report.xsd" name="Busquedas en dogpile" time="80.964" tests="3" errors="1" skipped="0" failures="0">
  <properties>
[...]
</properties>
  <testcase name="Buscar resultados relevantes" classname="Busquedas en dogpile" time="36.345"/>
  <testcase name="Verificar que los resultados con texto relevante al titulo" classname="Busquedas en dogpile" time="24.142"/>
  <testcase name="Verificar que los resultados con texto relevante al titulo" classname="Busquedas en dogpile" time="20.423">
    <error message="no such element: Unable to locate element: {&quot;method&quot;:&quot;xpath&quot;,&quot;selector&quot;:&quot;//a[contains(@class, &apos;web-bing__title&apos;) and contains(.,&apos;Definición de Rock Nacional&apos;)]&quot;}&#10;  (Session info: chrome=85.0.4183.102)&#10;For documentation on this error, please visit: https://www.seleniumhq.org/exceptions/no_such_element.html&#10;Build info: version: &apos;3.141.59&apos;, revision: &apos;e82be7d358&apos;, time: &apos;2018-11-14T08:17:03&apos;&#10;System info: host: &apos;PCCORAR0313&apos;, ip: &apos;172.28.40.236&apos;, os.name: &apos;Windows 10&apos;, os.arch: &apos;amd64&apos;, os.version: &apos;10.0&apos;, java.version: &apos;12&apos;&#10;Driver info: org.openqa.selenium.remote.RemoteWebDriver&#10;Capabilities {acceptInsecureCerts: false, browserName: chrome, browserVersion: 85.0.4183.102, chrome: {chromedriverVersion: 85.0.4183.87 (cd6713ebf92fa..., userDataDir: C:\Users\FTRABU~1\AppData\L...}, goog:chromeOptions: {debuggerAddress: localhost:52189}, javascriptEnabled: true, networkConnectionEnabled: false, pageLoadStrategy: normal, platform: WINDOWS, platformName: WINDOWS, proxy: Proxy(), setWindowRect: true, strictFileInteractability: false, timeouts: {implicit: 0, pageLoad: 300000, script: 30000}, unhandledPromptBehavior: dismiss and notify, webauthn:virtualAuthenticators: true}&#10;Session ID: 594849b3266cc226aa9f75bd24620d33&#10;*** Element info: {Using=xpath, value=//a[contains(@class, &apos;web-bing__title&apos;) and contains(.,&apos;Definición de Rock Nacional&apos;)]}" type="org.openqa.selenium.NoSuchElementException">org.openqa.selenium.NoSuchElementException: 
no such element: Unable to locate element: {"method":"xpath","selector":"//a[contains(@class, 'web-bing__title') and contains(.,'Definición de Rock Nacional')]"}
  (Session info: chrome=85.0.4183.102)
For documentation on this error, please visit: https://www.seleniumhq.org/exceptions/no_such_element.html
Build info: version: '3.141.59', revision: 'e82be7d358', time: '2018-11-14T08:17:03'
System info: host: 'PCCORAR0313', ip: '172.28.40.236', os.name: 'Windows 10', os.arch: 'amd64', os.version: '10.0', java.version: '12'
Driver info: org.openqa.selenium.remote.RemoteWebDriver
Capabilities {acceptInsecureCerts: false, browserName: chrome, browserVersion: 85.0.4183.102, chrome: {chromedriverVersion: 85.0.4183.87 (cd6713ebf92fa..., userDataDir: C:\Users\FTRABU~1\AppData\L...}, goog:chromeOptions: {debuggerAddress: localhost:52189}, javascriptEnabled: true, networkConnectionEnabled: false, pageLoadStrategy: normal, platform: WINDOWS, platformName: WINDOWS, proxy: Proxy(), setWindowRect: true, strictFileInteractability: false, timeouts: {implicit: 0, pageLoad: 300000, script: 30000}, unhandledPromptBehavior: dismiss and notify, webauthn:virtualAuthenticators: true}
Session ID: 594849b3266cc226aa9f75bd24620d33
*** Element info: {Using=xpath, value=//a[contains(@class, 'web-bing__title') and contains(.,'Definición de Rock Nacional')]}
</error>
    <system-out><![CDATA[









17:36:54.634 [pool-1-thread-1] ERROR n.t.c.steps.ConsoleLoggingListener - 
           __  _____ _____ ____ _____   _____ _    ___ _     _____ ____  
  _       / / |_   _| ____/ ___|_   _| |  ___/ \  |_ _| |   | ____|  _ \ 
 (_)_____| |    | | |  _| \___ \ | |   | |_ / _ \  | || |   |  _| | | | |
  _|_____| |    | | | |___ ___) || |   |  _/ ___ \ | || |___| |___| |_| |
 (_)     | |    |_| |_____|____/ |_|   |_|/_/   \_\___|_____|_____|____/ 
          \_\                                                            

TEST FAILED WITH ERROR: Verificar que los resultados con texto relevante al titulo
---------------------------------------------------------------------
17:36:54.899 [pool-1-thread-1] ERROR n.t.c.steps.ConsoleLoggingListener - TEST FAILED AT STEP Obtener texto de titulo resultado: Definición de Rock Nacional
17:36:54.902 [pool-1-thread-1] ERROR n.t.c.steps.ConsoleLoggingListener - no such element: Unable to locate element: {"method":"xpath","selector":"//a[contains(@class, 'web-bing__title') and contains(.,'Definición de Rock Nacional')]"}
]]></system-out>
    <system-err><![CDATA[sep. 21, 2020 5:36:34 P. M. org.openqa.selenium.remote.DesiredCapabilities chrome
INFO: Using `new ChromeOptions()` is preferred to `DesiredCapabilities.chrome()`
sep. 21, 2020 5:36:38 P. M. org.openqa.selenium.remote.ProtocolHandshake createSession
INFO: Detected dialect: W3C
]]></system-err>
  </testcase>
</testsuite>